running egg_info
creating ../../build/py_nodes/py_nodes.egg-info
writing ../../build/py_nodes/py_nodes.egg-info/PKG-INFO
writing dependency_links to ../../build/py_nodes/py_nodes.egg-info/dependency_links.txt
writing entry points to ../../build/py_nodes/py_nodes.egg-info/entry_points.txt
writing requirements to ../../build/py_nodes/py_nodes.egg-info/requires.txt
writing top-level names to ../../build/py_nodes/py_nodes.egg-info/top_level.txt
writing manifest file '../../build/py_nodes/py_nodes.egg-info/SOURCES.txt'
reading manifest file '../../build/py_nodes/py_nodes.egg-info/SOURCES.txt'
writing manifest file '../../build/py_nodes/py_nodes.egg-info/SOURCES.txt'
running build
running build_py
creating /home/ruby/Nazmus Shakib/Spring 26/ros2_basic/build/py_nodes/build/lib/py_nodes
copying py_nodes/__init__.py -> /home/ruby/Nazmus Shakib/Spring 26/ros2_basic/build/py_nodes/build/lib/py_nodes
copying py_nodes/number_publisher1.py -> /home/ruby/Nazmus Shakib/Spring 26/ros2_basic/build/py_nodes/build/lib/py_nodes
copying py_nodes/number_publisher2.py -> /home/ruby/Nazmus Shakib/Spring 26/ros2_basic/build/py_nodes/build/lib/py_nodes
copying py_nodes/multiplier_node.py -> /home/ruby/Nazmus Shakib/Spring 26/ros2_basic/build/py_nodes/build/lib/py_nodes
running install
running install_lib
creating /home/ruby/Nazmus Shakib/Spring 26/ros2_basic/install/py_nodes/lib/python3.10/site-packages/py_nodes
copying /home/ruby/Nazmus Shakib/Spring 26/ros2_basic/build/py_nodes/build/lib/py_nodes/__init__.py -> /home/ruby/Nazmus Shakib/Spring 26/ros2_basic/install/py_nodes/lib/python3.10/site-packages/py_nodes
copying /home/ruby/Nazmus Shakib/Spring 26/ros2_basic/build/py_nodes/build/lib/py_nodes/number_publisher1.py -> /home/ruby/Nazmus Shakib/Spring 26/ros2_basic/install/py_nodes/lib/python3.10/site-packages/py_nodes
copying /home/ruby/Nazmus Shakib/Spring 26/ros2_basic/build/py_nodes/build/lib/py_nodes/number_publisher2.py -> /home/ruby/Nazmus Shakib/Spring 26/ros2_basic/install/py_nodes/lib/python3.10/site-packages/py_nodes
copying /home/ruby/Nazmus Shakib/Spring 26/ros2_basic/build/py_nodes/build/lib/py_nodes/multiplier_node.py -> /home/ruby/Nazmus Shakib/Spring 26/ros2_basic/install/py_nodes/lib/python3.10/site-packages/py_nodes
byte-compiling /home/ruby/Nazmus Shakib/Spring 26/ros2_basic/install/py_nodes/lib/python3.10/site-packages/py_nodes/__init__.py to __init__.cpython-310.pyc
byte-compiling /home/ruby/Nazmus Shakib/Spring 26/ros2_basic/install/py_nodes/lib/python3.10/site-packages/py_nodes/number_publisher1.py to number_publisher1.cpython-310.pyc
byte-compiling /home/ruby/Nazmus Shakib/Spring 26/ros2_basic/install/py_nodes/lib/python3.10/site-packages/py_nodes/number_publisher2.py to number_publisher2.cpython-310.pyc
byte-compiling /home/ruby/Nazmus Shakib/Spring 26/ros2_basic/install/py_nodes/lib/python3.10/site-packages/py_nodes/multiplier_node.py to multiplier_node.cpython-310.pyc
running install_data
creating /home/ruby/Nazmus Shakib/Spring 26/ros2_basic/install/py_nodes/share/ament_index/resource_index/packages
copying resource/py_nodes -> /home/ruby/Nazmus Shakib/Spring 26/ros2_basic/install/py_nodes/share/ament_index/resource_index/packages
copying package.xml -> /home/ruby/Nazmus Shakib/Spring 26/ros2_basic/install/py_nodes/share/py_nodes
running install_egg_info
Copying ../../build/py_nodes/py_nodes.egg-info to /home/ruby/Nazmus Shakib/Spring 26/ros2_basic/install/py_nodes/lib/python3.10/site-packages/py_nodes-0.0.0-py3.10.egg-info
running install_scripts
Installing multiplier script to /home/ruby/Nazmus Shakib/Spring 26/ros2_basic/install/py_nodes/lib/py_nodes
Installing number_pub1 script to /home/ruby/Nazmus Shakib/Spring 26/ros2_basic/install/py_nodes/lib/py_nodes
Installing number_pub2 script to /home/ruby/Nazmus Shakib/Spring 26/ros2_basic/install/py_nodes/lib/py_nodes
writing list of installed files to '/home/ruby/Nazmus Shakib/Spring 26/ros2_basic/build/py_nodes/install.log'
