/home/ruby/Nazmus Shakib/Spring 26/ros2_basic/install/py_nodes/lib/python3.10/site-packages/py_nodes/__init__.py
/home/ruby/Nazmus Shakib/Spring 26/ros2_basic/install/py_nodes/lib/python3.10/site-packages/py_nodes/number_publisher1.py
/home/ruby/Nazmus Shakib/Spring 26/ros2_basic/install/py_nodes/lib/python3.10/site-packages/py_nodes/number_publisher2.py
/home/ruby/Nazmus Shakib/Spring 26/ros2_basic/install/py_nodes/lib/python3.10/site-packages/py_nodes/multiplier_node.py
/home/ruby/Nazmus Shakib/Spring 26/ros2_basic/install/py_nodes/lib/python3.10/site-packages/py_nodes/__pycache__/__init__.cpython-310.pyc
/home/ruby/Nazmus Shakib/Spring 26/ros2_basic/install/py_nodes/lib/python3.10/site-packages/py_nodes/__pycache__/number_publisher1.cpython-310.pyc
/home/ruby/Nazmus Shakib/Spring 26/ros2_basic/install/py_nodes/lib/python3.10/site-packages/py_nodes/__pycache__/number_publisher2.cpython-310.pyc
/home/ruby/Nazmus Shakib/Spring 26/ros2_basic/install/py_nodes/lib/python3.10/site-packages/py_nodes/__pycache__/multiplier_node.cpython-310.pyc
/home/ruby/Nazmus Shakib/Spring 26/ros2_basic/install/py_nodes/share/ament_index/resource_index/packages/py_nodes
/home/ruby/Nazmus Shakib/Spring 26/ros2_basic/install/py_nodes/share/py_nodes/package.xml
/home/ruby/Nazmus Shakib/Spring 26/ros2_basic/install/py_nodes/lib/python3.10/site-packages/py_nodes-0.0.0-py3.10.egg-info/requires.txt
/home/ruby/Nazmus Shakib/Spring 26/ros2_basic/install/py_nodes/lib/python3.10/site-packages/py_nodes-0.0.0-py3.10.egg-info/entry_points.txt
/home/ruby/Nazmus Shakib/Spring 26/ros2_basic/install/py_nodes/lib/python3.10/site-packages/py_nodes-0.0.0-py3.10.egg-info/SOURCES.txt
/home/ruby/Nazmus Shakib/Spring 26/ros2_basic/install/py_nodes/lib/python3.10/site-packages/py_nodes-0.0.0-py3.10.egg-info/zip-safe
/home/ruby/Nazmus Shakib/Spring 26/ros2_basic/install/py_nodes/lib/python3.10/site-packages/py_nodes-0.0.0-py3.10.egg-info/PKG-INFO
/home/ruby/Nazmus Shakib/Spring 26/ros2_basic/install/py_nodes/lib/python3.10/site-packages/py_nodes-0.0.0-py3.10.egg-info/dependency_links.txt
/home/ruby/Nazmus Shakib/Spring 26/ros2_basic/install/py_nodes/lib/python3.10/site-packages/py_nodes-0.0.0-py3.10.egg-info/top_level.txt
/home/ruby/Nazmus Shakib/Spring 26/ros2_basic/install/py_nodes/lib/py_nodes/multiplier
/home/ruby/Nazmus Shakib/Spring 26/ros2_basic/install/py_nodes/lib/py_nodes/number_pub1
/home/ruby/Nazmus Shakib/Spring 26/ros2_basic/install/py_nodes/lib/py_nodes/number_pub2
