-- The C compiler identification is GNU 11.4.0
-- The CXX compiler identification is GNU 11.4.0
-- Detecting C compiler ABI info
-- Detecting C compiler ABI info - done
-- Check for working C compiler: /usr/share/sumo/bin/cc - skipped
-- Detecting C compile features
-- Detecting C compile features - done
-- Detecting CXX compiler ABI info
-- Detecting CXX compiler ABI info - done
-- Check for working CXX compiler: /usr/share/sumo/bin/c++ - skipped
-- Detecting CXX compile features
-- Detecting CXX compile features - done
-- Found ament_cmake: 1.3.12 (/opt/ros/humble/share/ament_cmake/cmake)
-- Found Python3: /usr/share/sumo/bin/python3 (found version "3.10.12") found components: Interpreter
-- Found rclcpp: 16.0.17 (/opt/ros/humble/share/rclcpp/cmake)
-- Found rosidl_generator_c: 3.1.8 (/opt/ros/humble/share/rosidl_generator_c/cmake)
-- Found rosidl_adapter: 3.1.8 (/opt/ros/humble/share/rosidl_adapter/cmake)
-- Found rosidl_generator_cpp: 3.1.8 (/opt/ros/humble/share/rosidl_generator_cpp/cmake)
-- Using all available rosidl_typesupport_c: rosidl_typesupport_fastrtps_c;rosidl_typesupport_introspection_c
-- Using all available rosidl_typesupport_cpp: rosidl_typesupport_fastrtps_cpp;rosidl_typesupport_introspection_cpp
-- Found rmw_implementation_cmake: 6.1.2 (/opt/ros/humble/share/rmw_implementation_cmake/cmake)
-- Found rmw_fastrtps_cpp: 6.2.9 (/opt/ros/humble/share/rmw_fastrtps_cpp/cmake)
-- Found OpenSSL: /usr/lib/x86_64-linux-gnu/libcrypto.so (found version "3.0.2")
-- Found FastRTPS: /opt/ros/humble/include
-- Using RMW implementation 'rmw_fastrtps_cpp' as default
-- Performing Test CMAKE_HAVE_LIBC_PTHREAD
-- Performing Test CMAKE_HAVE_LIBC_PTHREAD - Success
-- Found Threads: TRUE
-- Found ament_lint_auto: 0.12.14 (/opt/ros/humble/share/ament_lint_auto/cmake)
-- Added test 'lint_cmake' to check CMake code style
-- Added test 'xmllint' to check XML markup files
-- Configuring done (0.7s)
-- Generating done (0.0s)
-- Build files have been written to: /home/ruby/Nazmus Shakib/Spring 26/ros2_basic/build/cpp_nodes
-- Install configuration: ""
-- Installing: /home/ruby/Nazmus Shakib/Spring 26/ros2_basic/install/cpp_nodes/share/ament_index/resource_index/package_run_dependencies/cpp_nodes
-- Installing: /home/ruby/Nazmus Shakib/Spring 26/ros2_basic/install/cpp_nodes/share/ament_index/resource_index/parent_prefix_path/cpp_nodes
-- Installing: /home/ruby/Nazmus Shakib/Spring 26/ros2_basic/install/cpp_nodes/share/cpp_nodes/environment/ament_prefix_path.sh
-- Installing: /home/ruby/Nazmus Shakib/Spring 26/ros2_basic/install/cpp_nodes/share/cpp_nodes/environment/ament_prefix_path.dsv
-- Installing: /home/ruby/Nazmus Shakib/Spring 26/ros2_basic/install/cpp_nodes/share/cpp_nodes/environment/path.sh
-- Installing: /home/ruby/Nazmus Shakib/Spring 26/ros2_basic/install/cpp_nodes/share/cpp_nodes/environment/path.dsv
-- Installing: /home/ruby/Nazmus Shakib/Spring 26/ros2_basic/install/cpp_nodes/share/cpp_nodes/local_setup.bash
-- Installing: /home/ruby/Nazmus Shakib/Spring 26/ros2_basic/install/cpp_nodes/share/cpp_nodes/local_setup.sh
-- Installing: /home/ruby/Nazmus Shakib/Spring 26/ros2_basic/install/cpp_nodes/share/cpp_nodes/local_setup.zsh
-- Installing: /home/ruby/Nazmus Shakib/Spring 26/ros2_basic/install/cpp_nodes/share/cpp_nodes/local_setup.dsv
-- Installing: /home/ruby/Nazmus Shakib/Spring 26/ros2_basic/install/cpp_nodes/share/cpp_nodes/package.dsv
-- Installing: /home/ruby/Nazmus Shakib/Spring 26/ros2_basic/install/cpp_nodes/share/ament_index/resource_index/packages/cpp_nodes
-- Installing: /home/ruby/Nazmus Shakib/Spring 26/ros2_basic/install/cpp_nodes/share/cpp_nodes/cmake/cpp_nodesConfig.cmake
-- Installing: /home/ruby/Nazmus Shakib/Spring 26/ros2_basic/install/cpp_nodes/share/cpp_nodes/cmake/cpp_nodesConfig-version.cmake
-- Installing: /home/ruby/Nazmus Shakib/Spring 26/ros2_basic/install/cpp_nodes/share/cpp_nodes/package.xml
