[0.009s] Invoking command in '/home/ruby/Nazmus Shakib/Spring 26/ros2_basic/build/cpp_nodes': CMAKE_PREFIX_PATH=${CMAKE_PREFIX_PATH}:/home/ruby/Nazmus Shakib/Spring 26/ros2_basic/install/py_nodes:/opt/ros/humble /usr/local/bin/cmake /home/ruby/Nazmus Shakib/Spring 26/ros2_basic/src/cpp_nodes -DCMAKE_INSTALL_PREFIX=/home/ruby/Nazmus Shakib/Spring 26/ros2_basic/install/cpp_nodes
[0.072s] -- The C compiler identification is GNU 11.4.0
[0.107s] -- The CXX compiler identification is GNU 11.4.0
[0.113s] -- Detecting C compiler ABI info
[0.147s] -- Detecting C compiler ABI info - done
[0.158s] -- Check for working C compiler: /usr/share/sumo/bin/cc - skipped
[0.158s] -- Detecting C compile features
[0.158s] -- Detecting C compile features - done
[0.161s] -- Detecting CXX compiler ABI info
[0.204s] -- Detecting CXX compiler ABI info - done
[0.216s] -- Check for working CXX compiler: /usr/share/sumo/bin/c++ - skipped
[0.216s] -- Detecting CXX compile features
[0.216s] -- Detecting CXX compile features - done
[0.218s] -- Found ament_cmake: 1.3.12 (/opt/ros/humble/share/ament_cmake/cmake)
[0.303s] -- Found Python3: /usr/share/sumo/bin/python3 (found version "3.10.12") found components: Interpreter
[0.358s] -- Found rclcpp: 16.0.17 (/opt/ros/humble/share/rclcpp/cmake)
[0.391s] -- Found rosidl_generator_c: 3.1.8 (/opt/ros/humble/share/rosidl_generator_c/cmake)
[0.394s] -- Found rosidl_adapter: 3.1.8 (/opt/ros/humble/share/rosidl_adapter/cmake)
[0.400s] -- Found rosidl_generator_cpp: 3.1.8 (/opt/ros/humble/share/rosidl_generator_cpp/cmake)
[0.408s] -- Using all available rosidl_typesupport_c: rosidl_typesupport_fastrtps_c;rosidl_typesupport_introspection_c
[0.419s] -- Using all available rosidl_typesupport_cpp: rosidl_typesupport_fastrtps_cpp;rosidl_typesupport_introspection_cpp
[0.448s] -- Found rmw_implementation_cmake: 6.1.2 (/opt/ros/humble/share/rmw_implementation_cmake/cmake)
[0.449s] -- Found rmw_fastrtps_cpp: 6.2.9 (/opt/ros/humble/share/rmw_fastrtps_cpp/cmake)
[0.502s] -- Found OpenSSL: /usr/lib/x86_64-linux-gnu/libcrypto.so (found version "3.0.2")
[0.522s] -- Found FastRTPS: /opt/ros/humble/include
[0.555s] -- Using RMW implementation 'rmw_fastrtps_cpp' as default
[0.560s] -- Performing Test CMAKE_HAVE_LIBC_PTHREAD
[0.598s] -- Performing Test CMAKE_HAVE_LIBC_PTHREAD - Success
[0.599s] -- Found Threads: TRUE
[0.637s] -- Found ament_lint_auto: 0.12.14 (/opt/ros/humble/share/ament_lint_auto/cmake)
[0.690s] -- Added test 'lint_cmake' to check CMake code style
[0.691s] -- Added test 'xmllint' to check XML markup files
[0.691s] -- Configuring done (0.7s)
[0.695s] -- Generating done (0.0s)
[0.696s] -- Build files have been written to: /home/ruby/Nazmus Shakib/Spring 26/ros2_basic/build/cpp_nodes
[0.703s] Invoked command in '/home/ruby/Nazmus Shakib/Spring 26/ros2_basic/build/cpp_nodes' returned '0': CMAKE_PREFIX_PATH=${CMAKE_PREFIX_PATH}:/home/ruby/Nazmus Shakib/Spring 26/ros2_basic/install/py_nodes:/opt/ros/humble /usr/local/bin/cmake /home/ruby/Nazmus Shakib/Spring 26/ros2_basic/src/cpp_nodes -DCMAKE_INSTALL_PREFIX=/home/ruby/Nazmus Shakib/Spring 26/ros2_basic/install/cpp_nodes
[0.704s] Invoking command in '/home/ruby/Nazmus Shakib/Spring 26/ros2_basic/build/cpp_nodes': CMAKE_PREFIX_PATH=${CMAKE_PREFIX_PATH}:/home/ruby/Nazmus Shakib/Spring 26/ros2_basic/install/py_nodes:/opt/ros/humble /usr/local/bin/cmake --build /home/ruby/Nazmus Shakib/Spring 26/ros2_basic/build/cpp_nodes -- -j32 -l32
[0.717s] Invoked command in '/home/ruby/Nazmus Shakib/Spring 26/ros2_basic/build/cpp_nodes' returned '0': CMAKE_PREFIX_PATH=${CMAKE_PREFIX_PATH}:/home/ruby/Nazmus Shakib/Spring 26/ros2_basic/install/py_nodes:/opt/ros/humble /usr/local/bin/cmake --build /home/ruby/Nazmus Shakib/Spring 26/ros2_basic/build/cpp_nodes -- -j32 -l32
[0.719s] Invoking command in '/home/ruby/Nazmus Shakib/Spring 26/ros2_basic/build/cpp_nodes': CMAKE_PREFIX_PATH=${CMAKE_PREFIX_PATH}:/home/ruby/Nazmus Shakib/Spring 26/ros2_basic/install/py_nodes:/opt/ros/humble /usr/local/bin/cmake --install /home/ruby/Nazmus Shakib/Spring 26/ros2_basic/build/cpp_nodes
[0.721s] -- Install configuration: ""
[0.721s] -- Installing: /home/ruby/Nazmus Shakib/Spring 26/ros2_basic/install/cpp_nodes/share/ament_index/resource_index/package_run_dependencies/cpp_nodes
[0.721s] -- Installing: /home/ruby/Nazmus Shakib/Spring 26/ros2_basic/install/cpp_nodes/share/ament_index/resource_index/parent_prefix_path/cpp_nodes
[0.721s] -- Installing: /home/ruby/Nazmus Shakib/Spring 26/ros2_basic/install/cpp_nodes/share/cpp_nodes/environment/ament_prefix_path.sh
[0.721s] -- Installing: /home/ruby/Nazmus Shakib/Spring 26/ros2_basic/install/cpp_nodes/share/cpp_nodes/environment/ament_prefix_path.dsv
[0.721s] -- Installing: /home/ruby/Nazmus Shakib/Spring 26/ros2_basic/install/cpp_nodes/share/cpp_nodes/environment/path.sh
[0.721s] -- Installing: /home/ruby/Nazmus Shakib/Spring 26/ros2_basic/install/cpp_nodes/share/cpp_nodes/environment/path.dsv
[0.721s] -- Installing: /home/ruby/Nazmus Shakib/Spring 26/ros2_basic/install/cpp_nodes/share/cpp_nodes/local_setup.bash
[0.721s] -- Installing: /home/ruby/Nazmus Shakib/Spring 26/ros2_basic/install/cpp_nodes/share/cpp_nodes/local_setup.sh
[0.722s] -- Installing: /home/ruby/Nazmus Shakib/Spring 26/ros2_basic/install/cpp_nodes/share/cpp_nodes/local_setup.zsh
[0.722s] -- Installing: /home/ruby/Nazmus Shakib/Spring 26/ros2_basic/install/cpp_nodes/share/cpp_nodes/local_setup.dsv
[0.722s] -- Installing: /home/ruby/Nazmus Shakib/Spring 26/ros2_basic/install/cpp_nodes/share/cpp_nodes/package.dsv
[0.722s] -- Installing: /home/ruby/Nazmus Shakib/Spring 26/ros2_basic/install/cpp_nodes/share/ament_index/resource_index/packages/cpp_nodes
[0.722s] -- Installing: /home/ruby/Nazmus Shakib/Spring 26/ros2_basic/install/cpp_nodes/share/cpp_nodes/cmake/cpp_nodesConfig.cmake
[0.722s] -- Installing: /home/ruby/Nazmus Shakib/Spring 26/ros2_basic/install/cpp_nodes/share/cpp_nodes/cmake/cpp_nodesConfig-version.cmake
[0.722s] -- Installing: /home/ruby/Nazmus Shakib/Spring 26/ros2_basic/install/cpp_nodes/share/cpp_nodes/package.xml
[0.723s] Invoked command in '/home/ruby/Nazmus Shakib/Spring 26/ros2_basic/build/cpp_nodes' returned '0': CMAKE_PREFIX_PATH=${CMAKE_PREFIX_PATH}:/home/ruby/Nazmus Shakib/Spring 26/ros2_basic/install/py_nodes:/opt/ros/humble /usr/local/bin/cmake --install /home/ruby/Nazmus Shakib/Spring 26/ros2_basic/build/cpp_nodes
