[0.060s] DEBUG:colcon:Command line arguments: ['/usr/share/sumo/bin/colcon', 'build']
[0.060s] DEBUG:colcon:Parsed command line arguments: Namespace(log_base=None, log_level=None, verb_name='build', build_base='build', install_base='install', merge_install=False, symlink_install=False, test_result_base=None, continue_on_error=False, executor='parallel', parallel_workers=32, event_handlers=None, ignore_user_meta=False, metas=['./colcon.meta'], base_paths=['.'], packages_ignore=None, packages_ignore_regex=None, paths=None, packages_up_to=None, packages_up_to_regex=None, packages_above=None, packages_above_and_dependencies=None, packages_above_depth=None, packages_select_by_dep=None, packages_skip_by_dep=None, packages_skip_up_to=None, packages_select_build_failed=False, packages_skip_build_finished=False, packages_select_test_failures=False, packages_skip_test_passed=False, packages_select=None, packages_skip=None, packages_select_regex=None, packages_skip_regex=None, packages_start=None, packages_end=None, allow_overriding=[], cmake_args=None, cmake_target=None, cmake_target_skip_unavailable=False, cmake_clean_cache=False, cmake_clean_first=False, cmake_force_configure=False, ament_cmake_args=None, catkin_cmake_args=None, catkin_skip_building_tests=False, mixin_files=None, mixin=None, verb_parser=<colcon_mixin.mixin.mixin_argument.MixinArgumentDecorator object at 0x7c81b6eb7e50>, verb_extension=<colcon_core.verb.build.BuildVerb object at 0x7c81b6e6d390>, main=<bound method BuildVerb.main of <colcon_core.verb.build.BuildVerb object at 0x7c81b6e6d390>>, mixin_verb=('build',))
[0.084s] Level 1:colcon.colcon_core.package_discovery:discover_packages(colcon_meta) check parameters
[0.084s] Level 1:colcon.colcon_core.package_discovery:discover_packages(recursive) check parameters
[0.084s] Level 1:colcon.colcon_core.package_discovery:discover_packages(ignore) check parameters
[0.084s] Level 1:colcon.colcon_core.package_discovery:discover_packages(path) check parameters
[0.084s] Level 1:colcon.colcon_core.package_discovery:discover_packages(colcon_meta) discover
[0.084s] Level 1:colcon.colcon_core.package_discovery:discover_packages(recursive) discover
[0.084s] INFO:colcon.colcon_core.package_discovery:Crawling recursively for packages in '/home/ruby/Nazmus Shakib/Spring 26/ros2_basic'
[0.084s] Level 1:colcon.colcon_core.package_identification:_identify(.) by extensions ['ignore', 'ignore_ament_install']
[0.084s] Level 1:colcon.colcon_core.package_identification:_identify(.) by extension 'ignore'
[0.084s] Level 1:colcon.colcon_core.package_identification:_identify(.) by extension 'ignore_ament_install'
[0.084s] Level 1:colcon.colcon_core.package_identification:_identify(.) by extensions ['colcon_pkg']
[0.084s] Level 1:colcon.colcon_core.package_identification:_identify(.) by extension 'colcon_pkg'
[0.084s] Level 1:colcon.colcon_core.package_identification:_identify(.) by extensions ['colcon_meta']
[0.084s] Level 1:colcon.colcon_core.package_identification:_identify(.) by extension 'colcon_meta'
[0.084s] Level 1:colcon.colcon_core.package_identification:_identify(.) by extensions ['ros']
[0.084s] Level 1:colcon.colcon_core.package_identification:_identify(.) by extension 'ros'
[0.098s] Level 1:colcon.colcon_core.package_identification:_identify(.) by extensions ['cmake', 'python']
[0.098s] Level 1:colcon.colcon_core.package_identification:_identify(.) by extension 'cmake'
[0.098s] Level 1:colcon.colcon_core.package_identification:_identify(.) by extension 'python'
[0.098s] Level 1:colcon.colcon_core.package_identification:_identify(.) by extensions ['python_setup_py']
[0.098s] Level 1:colcon.colcon_core.package_identification:_identify(.) by extension 'python_setup_py'
[0.098s] Level 1:colcon.colcon_core.package_identification:_identify(build) by extensions ['ignore', 'ignore_ament_install']
[0.098s] Level 1:colcon.colcon_core.package_identification:_identify(build) by extension 'ignore'
[0.098s] Level 1:colcon.colcon_core.package_identification:_identify(build) ignored
[0.098s] Level 1:colcon.colcon_core.package_identification:_identify(install) by extensions ['ignore', 'ignore_ament_install']
[0.098s] Level 1:colcon.colcon_core.package_identification:_identify(install) by extension 'ignore'
[0.098s] Level 1:colcon.colcon_core.package_identification:_identify(install) ignored
[0.098s] Level 1:colcon.colcon_core.package_identification:_identify(log) by extensions ['ignore', 'ignore_ament_install']
[0.098s] Level 1:colcon.colcon_core.package_identification:_identify(log) by extension 'ignore'
[0.098s] Level 1:colcon.colcon_core.package_identification:_identify(log) ignored
[0.098s] Level 1:colcon.colcon_core.package_identification:_identify(src) by extensions ['ignore', 'ignore_ament_install']
[0.098s] Level 1:colcon.colcon_core.package_identification:_identify(src) by extension 'ignore'
[0.098s] Level 1:colcon.colcon_core.package_identification:_identify(src) by extension 'ignore_ament_install'
[0.098s] Level 1:colcon.colcon_core.package_identification:_identify(src) by extensions ['colcon_pkg']
[0.098s] Level 1:colcon.colcon_core.package_identification:_identify(src) by extension 'colcon_pkg'
[0.098s] Level 1:colcon.colcon_core.package_identification:_identify(src) by extensions ['colcon_meta']
[0.098s] Level 1:colcon.colcon_core.package_identification:_identify(src) by extension 'colcon_meta'
[0.098s] Level 1:colcon.colcon_core.package_identification:_identify(src) by extensions ['ros']
[0.098s] Level 1:colcon.colcon_core.package_identification:_identify(src) by extension 'ros'
[0.098s] Level 1:colcon.colcon_core.package_identification:_identify(src) by extensions ['cmake', 'python']
[0.098s] Level 1:colcon.colcon_core.package_identification:_identify(src) by extension 'cmake'
[0.098s] Level 1:colcon.colcon_core.package_identification:_identify(src) by extension 'python'
[0.098s] Level 1:colcon.colcon_core.package_identification:_identify(src) by extensions ['python_setup_py']
[0.098s] Level 1:colcon.colcon_core.package_identification:_identify(src) by extension 'python_setup_py'
[0.098s] Level 1:colcon.colcon_core.package_identification:_identify(src/cpp_nodes) by extensions ['ignore', 'ignore_ament_install']
[0.098s] Level 1:colcon.colcon_core.package_identification:_identify(src/cpp_nodes) by extension 'ignore'
[0.098s] Level 1:colcon.colcon_core.package_identification:_identify(src/cpp_nodes) by extension 'ignore_ament_install'
[0.098s] Level 1:colcon.colcon_core.package_identification:_identify(src/cpp_nodes) by extensions ['colcon_pkg']
[0.098s] Level 1:colcon.colcon_core.package_identification:_identify(src/cpp_nodes) by extension 'colcon_pkg'
[0.098s] Level 1:colcon.colcon_core.package_identification:_identify(src/cpp_nodes) by extensions ['colcon_meta']
[0.098s] Level 1:colcon.colcon_core.package_identification:_identify(src/cpp_nodes) by extension 'colcon_meta'
[0.099s] Level 1:colcon.colcon_core.package_identification:_identify(src/cpp_nodes) by extensions ['ros']
[0.099s] Level 1:colcon.colcon_core.package_identification:_identify(src/cpp_nodes) by extension 'ros'
[0.100s] DEBUG:colcon.colcon_core.package_identification:Package 'src/cpp_nodes' with type 'ros.ament_cmake' and name 'cpp_nodes'
[0.100s] Level 1:colcon.colcon_core.package_identification:_identify(src/py_nodes) by extensions ['ignore', 'ignore_ament_install']
[0.100s] Level 1:colcon.colcon_core.package_identification:_identify(src/py_nodes) by extension 'ignore'
[0.100s] Level 1:colcon.colcon_core.package_identification:_identify(src/py_nodes) by extension 'ignore_ament_install'
[0.100s] Level 1:colcon.colcon_core.package_identification:_identify(src/py_nodes) by extensions ['colcon_pkg']
[0.100s] Level 1:colcon.colcon_core.package_identification:_identify(src/py_nodes) by extension 'colcon_pkg'
[0.100s] Level 1:colcon.colcon_core.package_identification:_identify(src/py_nodes) by extensions ['colcon_meta']
[0.100s] Level 1:colcon.colcon_core.package_identification:_identify(src/py_nodes) by extension 'colcon_meta'
[0.100s] Level 1:colcon.colcon_core.package_identification:_identify(src/py_nodes) by extensions ['ros']
[0.100s] Level 1:colcon.colcon_core.package_identification:_identify(src/py_nodes) by extension 'ros'
[0.100s] DEBUG:colcon.colcon_core.package_identification:Package 'src/py_nodes' with type 'ros.ament_python' and name 'py_nodes'
[0.100s] Level 1:colcon.colcon_core.package_discovery:discover_packages(recursive) using defaults
[0.100s] Level 1:colcon.colcon_core.package_discovery:discover_packages(ignore) discover
[0.100s] Level 1:colcon.colcon_core.package_discovery:discover_packages(ignore) using defaults
[0.100s] Level 1:colcon.colcon_core.package_discovery:discover_packages(path) discover
[0.100s] Level 1:colcon.colcon_core.package_discovery:discover_packages(path) using defaults
[0.110s] Level 1:colcon.colcon_core.package_discovery:discover_packages(prefix_path) check parameters
[0.110s] Level 1:colcon.colcon_core.package_discovery:discover_packages(prefix_path) discover
[0.111s] WARNING:colcon.colcon_ros.prefix_path.ament:The path '/home/ruby/Nazmus Shakib/Spring 26/ros2_basic/install/py_nodes' in the environment variable AMENT_PREFIX_PATH doesn't exist
[0.111s] WARNING:colcon.colcon_ros.prefix_path.ament:The path '/home/ruby/Nazmus Shakib/Spring 26/ros2_basic/install/cpp_nodes' in the environment variable AMENT_PREFIX_PATH doesn't exist
[0.111s] WARNING:colcon.colcon_ros.prefix_path.catkin:The path '/home/ruby/Nazmus Shakib/Spring 26/ros2_basic/install/cpp_nodes' in the environment variable CMAKE_PREFIX_PATH doesn't exist
[0.111s] DEBUG:colcon.colcon_installed_package_information.package_discovery:Found 0 installed packages in /home/ruby/Nazmus Shakib/Spring 26/ros2_basic/install
[0.111s] DEBUG:colcon.colcon_installed_package_information.package_discovery:Found 0 installed packages in /home/ruby/Nazmus Shakib/Spring 26/ros2_basic/src/py_nodes/py_nodes/install
[0.112s] DEBUG:colcon.colcon_installed_package_information.package_discovery:Found 327 installed packages in /opt/ros/humble
[0.113s] Level 1:colcon.colcon_core.package_discovery:discover_packages(prefix_path) using defaults
[0.141s] Level 5:colcon.colcon_core.verb:set package 'cpp_nodes' build argument 'cmake_args' from command line to 'None'
[0.141s] Level 5:colcon.colcon_core.verb:set package 'cpp_nodes' build argument 'cmake_target' from command line to 'None'
[0.141s] Level 5:colcon.colcon_core.verb:set package 'cpp_nodes' build argument 'cmake_target_skip_unavailable' from command line to 'False'
[0.141s] Level 5:colcon.colcon_core.verb:set package 'cpp_nodes' build argument 'cmake_clean_cache' from command line to 'False'
[0.141s] Level 5:colcon.colcon_core.verb:set package 'cpp_nodes' build argument 'cmake_clean_first' from command line to 'False'
[0.141s] Level 5:colcon.colcon_core.verb:set package 'cpp_nodes' build argument 'cmake_force_configure' from command line to 'False'
[0.141s] Level 5:colcon.colcon_core.verb:set package 'cpp_nodes' build argument 'ament_cmake_args' from command line to 'None'
[0.141s] Level 5:colcon.colcon_core.verb:set package 'cpp_nodes' build argument 'catkin_cmake_args' from command line to 'None'
[0.141s] Level 5:colcon.colcon_core.verb:set package 'cpp_nodes' build argument 'catkin_skip_building_tests' from command line to 'False'
[0.141s] DEBUG:colcon.colcon_core.verb:Building package 'cpp_nodes' with the following arguments: {'ament_cmake_args': None, 'build_base': '/home/ruby/Nazmus Shakib/Spring 26/ros2_basic/build/cpp_nodes', 'catkin_cmake_args': None, 'catkin_skip_building_tests': False, 'cmake_args': None, 'cmake_clean_cache': False, 'cmake_clean_first': False, 'cmake_force_configure': False, 'cmake_target': None, 'cmake_target_skip_unavailable': False, 'install_base': '/home/ruby/Nazmus Shakib/Spring 26/ros2_basic/install/cpp_nodes', 'merge_install': False, 'path': '/home/ruby/Nazmus Shakib/Spring 26/ros2_basic/src/cpp_nodes', 'symlink_install': False, 'test_result_base': None}
[0.141s] Level 5:colcon.colcon_core.verb:set package 'py_nodes' build argument 'cmake_args' from command line to 'None'
[0.141s] Level 5:colcon.colcon_core.verb:set package 'py_nodes' build argument 'cmake_target' from command line to 'None'
[0.141s] Level 5:colcon.colcon_core.verb:set package 'py_nodes' build argument 'cmake_target_skip_unavailable' from command line to 'False'
[0.141s] Level 5:colcon.colcon_core.verb:set package 'py_nodes' build argument 'cmake_clean_cache' from command line to 'False'
[0.141s] Level 5:colcon.colcon_core.verb:set package 'py_nodes' build argument 'cmake_clean_first' from command line to 'False'
[0.141s] Level 5:colcon.colcon_core.verb:set package 'py_nodes' build argument 'cmake_force_configure' from command line to 'False'
[0.141s] Level 5:colcon.colcon_core.verb:set package 'py_nodes' build argument 'ament_cmake_args' from command line to 'None'
[0.141s] Level 5:colcon.colcon_core.verb:set package 'py_nodes' build argument 'catkin_cmake_args' from command line to 'None'
[0.141s] Level 5:colcon.colcon_core.verb:set package 'py_nodes' build argument 'catkin_skip_building_tests' from command line to 'False'
[0.141s] DEBUG:colcon.colcon_core.verb:Building package 'py_nodes' with the following arguments: {'ament_cmake_args': None, 'build_base': '/home/ruby/Nazmus Shakib/Spring 26/ros2_basic/build/py_nodes', 'catkin_cmake_args': None, 'catkin_skip_building_tests': False, 'cmake_args': None, 'cmake_clean_cache': False, 'cmake_clean_first': False, 'cmake_force_configure': False, 'cmake_target': None, 'cmake_target_skip_unavailable': False, 'install_base': '/home/ruby/Nazmus Shakib/Spring 26/ros2_basic/install/py_nodes', 'merge_install': False, 'path': '/home/ruby/Nazmus Shakib/Spring 26/ros2_basic/src/py_nodes', 'symlink_install': False, 'test_result_base': None}
[0.141s] INFO:colcon.colcon_core.executor:Executing jobs using 'parallel' executor
[0.142s] DEBUG:colcon.colcon_parallel_executor.executor.parallel:run_until_complete
[0.142s] INFO:colcon.colcon_ros.task.ament_cmake.build:Building ROS package in '/home/ruby/Nazmus Shakib/Spring 26/ros2_basic/src/cpp_nodes' with build type 'ament_cmake'
[0.142s] INFO:colcon.colcon_cmake.task.cmake.build:Building CMake package in '/home/ruby/Nazmus Shakib/Spring 26/ros2_basic/src/cpp_nodes'
[0.143s] INFO:colcon.colcon_core.plugin_system:Skipping extension 'colcon_core.shell.bat': Not used on non-Windows systems
[0.143s] INFO:colcon.colcon_core.shell:Skip shell extension 'powershell' for command environment: Not usable outside of PowerShell
[0.143s] DEBUG:colcon.colcon_core.shell:Skip shell extension 'dsv' for command environment
[0.146s] INFO:colcon.colcon_ros.task.ament_python.build:Building ROS package in '/home/ruby/Nazmus Shakib/Spring 26/ros2_basic/src/py_nodes' with build type 'ament_python'
[0.146s] Level 1:colcon.colcon_core.shell:create_environment_hook('py_nodes', 'ament_prefix_path')
[0.146s] INFO:colcon.colcon_core.shell:Creating environment hook '/home/ruby/Nazmus Shakib/Spring 26/ros2_basic/install/py_nodes/share/py_nodes/hook/ament_prefix_path.ps1'
[0.146s] INFO:colcon.colcon_core.shell:Creating environment descriptor '/home/ruby/Nazmus Shakib/Spring 26/ros2_basic/install/py_nodes/share/py_nodes/hook/ament_prefix_path.dsv'
[0.146s] INFO:colcon.colcon_core.shell:Creating environment hook '/home/ruby/Nazmus Shakib/Spring 26/ros2_basic/install/py_nodes/share/py_nodes/hook/ament_prefix_path.sh'
[0.147s] INFO:colcon.colcon_core.shell:Skip shell extension 'powershell' for command environment: Not usable outside of PowerShell
[0.147s] DEBUG:colcon.colcon_core.shell:Skip shell extension 'dsv' for command environment
[0.151s] DEBUG:colcon.colcon_core.event_handler.log_command:Invoking command in '/home/ruby/Nazmus Shakib/Spring 26/ros2_basic/build/cpp_nodes': CMAKE_PREFIX_PATH=${CMAKE_PREFIX_PATH}:/home/ruby/Nazmus Shakib/Spring 26/ros2_basic/install/py_nodes:/opt/ros/humble /usr/local/bin/cmake /home/ruby/Nazmus Shakib/Spring 26/ros2_basic/src/cpp_nodes -DCMAKE_INSTALL_PREFIX=/home/ruby/Nazmus Shakib/Spring 26/ros2_basic/install/cpp_nodes
[0.311s] INFO:colcon.colcon_core.task.python.build:Building Python package in '/home/ruby/Nazmus Shakib/Spring 26/ros2_basic/src/py_nodes'
[0.311s] INFO:colcon.colcon_core.shell:Skip shell extension 'powershell' for command environment: Not usable outside of PowerShell
[0.311s] DEBUG:colcon.colcon_core.shell:Skip shell extension 'dsv' for command environment
[0.694s] DEBUG:colcon.colcon_core.event_handler.log_command:Invoking command in '/home/ruby/Nazmus Shakib/Spring 26/ros2_basic/src/py_nodes': PYTHONPATH=/home/ruby/Nazmus Shakib/Spring 26/ros2_basic/build/py_nodes/prefix_override:/usr/lib/python3/dist-packages/colcon_core/task/python/colcon_distutils_commands:/home/ruby/Nazmus Shakib/Spring 26/ros2_basic/install/py_nodes/lib/python3.10/site-packages:${PYTHONPATH} /usr/bin/python3 -W ignore:setup.py install is deprecated -W ignore:easy_install command is deprecated setup.py egg_info --egg-base ../../build/py_nodes build --build-base /home/ruby/Nazmus Shakib/Spring 26/ros2_basic/build/py_nodes/build install --record /home/ruby/Nazmus Shakib/Spring 26/ros2_basic/build/py_nodes/install.log --single-version-externally-managed install_data
[0.846s] DEBUG:colcon.colcon_core.event_handler.log_command:Invoked command in '/home/ruby/Nazmus Shakib/Spring 26/ros2_basic/build/cpp_nodes' returned '0': CMAKE_PREFIX_PATH=${CMAKE_PREFIX_PATH}:/home/ruby/Nazmus Shakib/Spring 26/ros2_basic/install/py_nodes:/opt/ros/humble /usr/local/bin/cmake /home/ruby/Nazmus Shakib/Spring 26/ros2_basic/src/cpp_nodes -DCMAKE_INSTALL_PREFIX=/home/ruby/Nazmus Shakib/Spring 26/ros2_basic/install/cpp_nodes
[0.847s] DEBUG:colcon.colcon_core.event_handler.log_command:Invoking command in '/home/ruby/Nazmus Shakib/Spring 26/ros2_basic/build/cpp_nodes': CMAKE_PREFIX_PATH=${CMAKE_PREFIX_PATH}:/home/ruby/Nazmus Shakib/Spring 26/ros2_basic/install/py_nodes:/opt/ros/humble /usr/local/bin/cmake --build /home/ruby/Nazmus Shakib/Spring 26/ros2_basic/build/cpp_nodes -- -j32 -l32
[0.859s] DEBUG:colcon.colcon_core.event_handler.log_command:Invoked command in '/home/ruby/Nazmus Shakib/Spring 26/ros2_basic/build/cpp_nodes' returned '0': CMAKE_PREFIX_PATH=${CMAKE_PREFIX_PATH}:/home/ruby/Nazmus Shakib/Spring 26/ros2_basic/install/py_nodes:/opt/ros/humble /usr/local/bin/cmake --build /home/ruby/Nazmus Shakib/Spring 26/ros2_basic/build/cpp_nodes -- -j32 -l32
[0.862s] DEBUG:colcon.colcon_core.event_handler.log_command:Invoking command in '/home/ruby/Nazmus Shakib/Spring 26/ros2_basic/build/cpp_nodes': CMAKE_PREFIX_PATH=${CMAKE_PREFIX_PATH}:/home/ruby/Nazmus Shakib/Spring 26/ros2_basic/install/py_nodes:/opt/ros/humble /usr/local/bin/cmake --install /home/ruby/Nazmus Shakib/Spring 26/ros2_basic/build/cpp_nodes
[0.865s] Level 1:colcon.colcon_core.environment:create_environment_scripts_only(cpp_nodes)
[0.865s] DEBUG:colcon.colcon_core.event_handler.log_command:Invoked command in '/home/ruby/Nazmus Shakib/Spring 26/ros2_basic/build/cpp_nodes' returned '0': CMAKE_PREFIX_PATH=${CMAKE_PREFIX_PATH}:/home/ruby/Nazmus Shakib/Spring 26/ros2_basic/install/py_nodes:/opt/ros/humble /usr/local/bin/cmake --install /home/ruby/Nazmus Shakib/Spring 26/ros2_basic/build/cpp_nodes
[0.867s] Level 1:colcon.colcon_core.environment:checking '/home/ruby/Nazmus Shakib/Spring 26/ros2_basic/install/cpp_nodes' for CMake module files
[0.867s] Level 1:colcon.colcon_core.environment:checking '/home/ruby/Nazmus Shakib/Spring 26/ros2_basic/install/cpp_nodes' for CMake config files
[0.867s] Level 1:colcon.colcon_core.shell:create_environment_hook('cpp_nodes', 'cmake_prefix_path')
[0.867s] INFO:colcon.colcon_core.shell:Creating environment hook '/home/ruby/Nazmus Shakib/Spring 26/ros2_basic/install/cpp_nodes/share/cpp_nodes/hook/cmake_prefix_path.ps1'
[0.867s] INFO:colcon.colcon_core.shell:Creating environment descriptor '/home/ruby/Nazmus Shakib/Spring 26/ros2_basic/install/cpp_nodes/share/cpp_nodes/hook/cmake_prefix_path.dsv'
[0.867s] INFO:colcon.colcon_core.shell:Creating environment hook '/home/ruby/Nazmus Shakib/Spring 26/ros2_basic/install/cpp_nodes/share/cpp_nodes/hook/cmake_prefix_path.sh'
[0.868s] Level 1:colcon.colcon_core.environment:checking '/home/ruby/Nazmus Shakib/Spring 26/ros2_basic/install/cpp_nodes/bin'
[0.868s] Level 1:colcon.colcon_core.environment:checking '/home/ruby/Nazmus Shakib/Spring 26/ros2_basic/install/cpp_nodes/lib/pkgconfig/cpp_nodes.pc'
[0.868s] Level 1:colcon.colcon_core.environment:checking '/home/ruby/Nazmus Shakib/Spring 26/ros2_basic/install/cpp_nodes/lib/python3.10/site-packages'
[0.868s] Level 1:colcon.colcon_core.environment:checking '/home/ruby/Nazmus Shakib/Spring 26/ros2_basic/install/cpp_nodes/bin'
[0.868s] INFO:colcon.colcon_core.shell:Creating package script '/home/ruby/Nazmus Shakib/Spring 26/ros2_basic/install/cpp_nodes/share/cpp_nodes/package.ps1'
[0.869s] INFO:colcon.colcon_core.shell:Creating package descriptor '/home/ruby/Nazmus Shakib/Spring 26/ros2_basic/install/cpp_nodes/share/cpp_nodes/package.dsv'
[0.869s] INFO:colcon.colcon_core.shell:Creating package script '/home/ruby/Nazmus Shakib/Spring 26/ros2_basic/install/cpp_nodes/share/cpp_nodes/package.sh'
[0.869s] INFO:colcon.colcon_core.shell:Creating package script '/home/ruby/Nazmus Shakib/Spring 26/ros2_basic/install/cpp_nodes/share/cpp_nodes/package.bash'
[0.869s] INFO:colcon.colcon_core.shell:Creating package script '/home/ruby/Nazmus Shakib/Spring 26/ros2_basic/install/cpp_nodes/share/cpp_nodes/package.zsh'
[0.870s] Level 1:colcon.colcon_core.environment:create_file_with_runtime_dependencies(/home/ruby/Nazmus Shakib/Spring 26/ros2_basic/install/cpp_nodes/share/colcon-core/packages/cpp_nodes)
[0.870s] Level 1:colcon.colcon_core.environment:create_environment_scripts_only(cpp_nodes)
[0.870s] Level 1:colcon.colcon_core.environment:checking '/home/ruby/Nazmus Shakib/Spring 26/ros2_basic/install/cpp_nodes' for CMake module files
[0.870s] Level 1:colcon.colcon_core.environment:checking '/home/ruby/Nazmus Shakib/Spring 26/ros2_basic/install/cpp_nodes' for CMake config files
[0.870s] Level 1:colcon.colcon_core.shell:create_environment_hook('cpp_nodes', 'cmake_prefix_path')
[0.870s] INFO:colcon.colcon_core.shell:Creating environment hook '/home/ruby/Nazmus Shakib/Spring 26/ros2_basic/install/cpp_nodes/share/cpp_nodes/hook/cmake_prefix_path.ps1'
[0.871s] INFO:colcon.colcon_core.shell:Creating environment descriptor '/home/ruby/Nazmus Shakib/Spring 26/ros2_basic/install/cpp_nodes/share/cpp_nodes/hook/cmake_prefix_path.dsv'
[0.871s] INFO:colcon.colcon_core.shell:Creating environment hook '/home/ruby/Nazmus Shakib/Spring 26/ros2_basic/install/cpp_nodes/share/cpp_nodes/hook/cmake_prefix_path.sh'
[0.871s] Level 1:colcon.colcon_core.environment:checking '/home/ruby/Nazmus Shakib/Spring 26/ros2_basic/install/cpp_nodes/bin'
[0.871s] Level 1:colcon.colcon_core.environment:checking '/home/ruby/Nazmus Shakib/Spring 26/ros2_basic/install/cpp_nodes/lib/pkgconfig/cpp_nodes.pc'
[0.871s] Level 1:colcon.colcon_core.environment:checking '/home/ruby/Nazmus Shakib/Spring 26/ros2_basic/install/cpp_nodes/lib/python3.10/site-packages'
[0.871s] Level 1:colcon.colcon_core.environment:checking '/home/ruby/Nazmus Shakib/Spring 26/ros2_basic/install/cpp_nodes/bin'
[0.871s] INFO:colcon.colcon_core.shell:Creating package script '/home/ruby/Nazmus Shakib/Spring 26/ros2_basic/install/cpp_nodes/share/cpp_nodes/package.ps1'
[0.872s] INFO:colcon.colcon_core.shell:Creating package descriptor '/home/ruby/Nazmus Shakib/Spring 26/ros2_basic/install/cpp_nodes/share/cpp_nodes/package.dsv'
[0.872s] INFO:colcon.colcon_core.shell:Creating package script '/home/ruby/Nazmus Shakib/Spring 26/ros2_basic/install/cpp_nodes/share/cpp_nodes/package.sh'
[0.872s] INFO:colcon.colcon_core.shell:Creating package script '/home/ruby/Nazmus Shakib/Spring 26/ros2_basic/install/cpp_nodes/share/cpp_nodes/package.bash'
[0.872s] INFO:colcon.colcon_core.shell:Creating package script '/home/ruby/Nazmus Shakib/Spring 26/ros2_basic/install/cpp_nodes/share/cpp_nodes/package.zsh'
[0.872s] Level 1:colcon.colcon_core.environment:create_file_with_runtime_dependencies(/home/ruby/Nazmus Shakib/Spring 26/ros2_basic/install/cpp_nodes/share/colcon-core/packages/cpp_nodes)
[1.017s] Level 1:colcon.colcon_core.environment:checking '/home/ruby/Nazmus Shakib/Spring 26/ros2_basic/install/py_nodes' for CMake module files
[1.017s] DEBUG:colcon.colcon_core.event_handler.log_command:Invoked command in '/home/ruby/Nazmus Shakib/Spring 26/ros2_basic/src/py_nodes' returned '0': PYTHONPATH=/home/ruby/Nazmus Shakib/Spring 26/ros2_basic/build/py_nodes/prefix_override:/usr/lib/python3/dist-packages/colcon_core/task/python/colcon_distutils_commands:/home/ruby/Nazmus Shakib/Spring 26/ros2_basic/install/py_nodes/lib/python3.10/site-packages:${PYTHONPATH} /usr/bin/python3 -W ignore:setup.py install is deprecated -W ignore:easy_install command is deprecated setup.py egg_info --egg-base ../../build/py_nodes build --build-base /home/ruby/Nazmus Shakib/Spring 26/ros2_basic/build/py_nodes/build install --record /home/ruby/Nazmus Shakib/Spring 26/ros2_basic/build/py_nodes/install.log --single-version-externally-managed install_data
[1.017s] Level 1:colcon.colcon_core.environment:checking '/home/ruby/Nazmus Shakib/Spring 26/ros2_basic/install/py_nodes' for CMake config files
[1.017s] Level 1:colcon.colcon_core.environment:checking '/home/ruby/Nazmus Shakib/Spring 26/ros2_basic/install/py_nodes/lib'
[1.018s] Level 1:colcon.colcon_core.environment:checking '/home/ruby/Nazmus Shakib/Spring 26/ros2_basic/install/py_nodes/bin'
[1.018s] Level 1:colcon.colcon_core.environment:checking '/home/ruby/Nazmus Shakib/Spring 26/ros2_basic/install/py_nodes/lib/pkgconfig/py_nodes.pc'
[1.018s] Level 1:colcon.colcon_core.environment:checking '/home/ruby/Nazmus Shakib/Spring 26/ros2_basic/install/py_nodes/lib/python3.10/site-packages'
[1.018s] Level 1:colcon.colcon_core.shell:create_environment_hook('py_nodes', 'pythonpath')
[1.018s] INFO:colcon.colcon_core.shell:Creating environment hook '/home/ruby/Nazmus Shakib/Spring 26/ros2_basic/install/py_nodes/share/py_nodes/hook/pythonpath.ps1'
[1.018s] INFO:colcon.colcon_core.shell:Creating environment descriptor '/home/ruby/Nazmus Shakib/Spring 26/ros2_basic/install/py_nodes/share/py_nodes/hook/pythonpath.dsv'
[1.018s] INFO:colcon.colcon_core.shell:Creating environment hook '/home/ruby/Nazmus Shakib/Spring 26/ros2_basic/install/py_nodes/share/py_nodes/hook/pythonpath.sh'
[1.019s] Level 1:colcon.colcon_core.environment:checking '/home/ruby/Nazmus Shakib/Spring 26/ros2_basic/install/py_nodes/bin'
[1.019s] Level 1:colcon.colcon_core.environment:create_environment_scripts_only(py_nodes)
[1.019s] INFO:colcon.colcon_core.shell:Creating package script '/home/ruby/Nazmus Shakib/Spring 26/ros2_basic/install/py_nodes/share/py_nodes/package.ps1'
[1.019s] INFO:colcon.colcon_core.shell:Creating package descriptor '/home/ruby/Nazmus Shakib/Spring 26/ros2_basic/install/py_nodes/share/py_nodes/package.dsv'
[1.019s] INFO:colcon.colcon_core.shell:Creating package script '/home/ruby/Nazmus Shakib/Spring 26/ros2_basic/install/py_nodes/share/py_nodes/package.sh'
[1.019s] INFO:colcon.colcon_core.shell:Creating package script '/home/ruby/Nazmus Shakib/Spring 26/ros2_basic/install/py_nodes/share/py_nodes/package.bash'
[1.020s] INFO:colcon.colcon_core.shell:Creating package script '/home/ruby/Nazmus Shakib/Spring 26/ros2_basic/install/py_nodes/share/py_nodes/package.zsh'
[1.020s] Level 1:colcon.colcon_core.environment:create_file_with_runtime_dependencies(/home/ruby/Nazmus Shakib/Spring 26/ros2_basic/install/py_nodes/share/colcon-core/packages/py_nodes)
[1.020s] DEBUG:colcon.colcon_parallel_executor.executor.parallel:closing loop
[1.020s] DEBUG:colcon.colcon_parallel_executor.executor.parallel:loop closed
[1.020s] DEBUG:colcon.colcon_parallel_executor.executor.parallel:run_until_complete finished with '0'
[1.020s] DEBUG:colcon.colcon_core.event_reactor:joining thread
[1.023s] INFO:colcon.colcon_core.plugin_system:Skipping extension 'colcon_notification.desktop_notification.terminal_notifier': Not used on non-Darwin systems
[1.023s] INFO:colcon.colcon_core.plugin_system:Skipping extension 'colcon_notification.desktop_notification.win32': Not used on non-Windows systems
[1.023s] INFO:colcon.colcon_notification.desktop_notification:Sending desktop notification using 'notify2'
[1.029s] DEBUG:colcon.colcon_core.event_reactor:joined thread
[1.030s] INFO:colcon.colcon_core.shell:Creating prefix script '/home/ruby/Nazmus Shakib/Spring 26/ros2_basic/install/local_setup.ps1'
[1.030s] INFO:colcon.colcon_core.shell:Creating prefix util module '/home/ruby/Nazmus Shakib/Spring 26/ros2_basic/install/_local_setup_util_ps1.py'
[1.031s] INFO:colcon.colcon_core.shell:Creating prefix chain script '/home/ruby/Nazmus Shakib/Spring 26/ros2_basic/install/setup.ps1'
[1.031s] INFO:colcon.colcon_core.shell:Creating prefix script '/home/ruby/Nazmus Shakib/Spring 26/ros2_basic/install/local_setup.sh'
[1.031s] INFO:colcon.colcon_core.shell:Creating prefix util module '/home/ruby/Nazmus Shakib/Spring 26/ros2_basic/install/_local_setup_util_sh.py'
[1.031s] INFO:colcon.colcon_core.shell:Creating prefix chain script '/home/ruby/Nazmus Shakib/Spring 26/ros2_basic/install/setup.sh'
[1.032s] INFO:colcon.colcon_core.shell:Creating prefix script '/home/ruby/Nazmus Shakib/Spring 26/ros2_basic/install/local_setup.bash'
[1.032s] INFO:colcon.colcon_core.shell:Creating prefix chain script '/home/ruby/Nazmus Shakib/Spring 26/ros2_basic/install/setup.bash'
[1.033s] INFO:colcon.colcon_core.shell:Creating prefix script '/home/ruby/Nazmus Shakib/Spring 26/ros2_basic/install/local_setup.zsh'
[1.033s] INFO:colcon.colcon_core.shell:Creating prefix chain script '/home/ruby/Nazmus Shakib/Spring 26/ros2_basic/install/setup.zsh'
